{
  "stats": {
    "suites": 6,
    "tests": 1,
    "passes": 1,
    "pending": 0,
    "failures": 0,
    "start": "2022-09-14T19:23:27.443Z",
    "end": "2022-09-14T19:24:17.190Z",
    "duration": 49747,
    "testsRegistered": 1,
    "passPercent": 100,
    "pendingPercent": 0,
    "other": 0,
    "hasOther": false,
    "skipped": 0,
    "hasSkipped": false
  },
  "results": [
    {
      "uuid": "e3db8f7d-019c-4ea7-914f-37e22a321109",
      "title": "",
      "fullFile": "cypress\\e2e\\forms.cy.js",
      "file": "cypress\\e2e\\forms.cy.js",
      "beforeHooks": [],
      "afterHooks": [],
      "tests": [],
      "suites": [
        {
          "uuid": "df634ed1-34ad-447a-b8c7-9ec5cef4a609",
          "title": "Profile Forms",
          "fullFile": "",
          "file": "",
          "beforeHooks": [],
          "afterHooks": [],
          "tests": [],
          "suites": [
            {
              "uuid": "d6d32402-b9c5-4ebf-b323-cc3b7a4a515b",
              "title": "Given I access the Coodesh Beta page",
              "fullFile": "",
              "file": "",
              "beforeHooks": [],
              "afterHooks": [],
              "tests": [],
              "suites": [
                {
                  "uuid": "7cecc5a2-0c8f-45e6-aa22-8d27a3f1045a",
                  "title": "When I enter the login page",
                  "fullFile": "",
                  "file": "",
                  "beforeHooks": [],
                  "afterHooks": [],
                  "tests": [],
                  "suites": [
                    {
                      "uuid": "d4f37b2f-4636-44a4-afff-a1f4974e092b",
                      "title": "And I enter on my account",
                      "fullFile": "",
                      "file": "",
                      "beforeHooks": [],
                      "afterHooks": [],
                      "tests": [],
                      "suites": [
                        {
                          "uuid": "780c4f25-c725-4630-96dc-25d0cd335188",
                          "title": "And I go to the profile fill page",
                          "fullFile": "",
                          "file": "",
                          "beforeHooks": [],
                          "afterHooks": [],
                          "tests": [],
                          "suites": [
                            {
                              "uuid": "ba640860-a113-4211-b938-6fec296f094c",
                              "title": "And I fill the fields correctly",
                              "fullFile": "",
                              "file": "",
                              "beforeHooks": [],
                              "afterHooks": [],
                              "tests": [
                                {
                                  "title": "Then I finish filling my profile correctly",
                                  "fullTitle": "Profile Forms Given I access the Coodesh Beta page When I enter the login page And I enter on my account And I go to the profile fill page And I fill the fields correctly Then I finish filling my profile correctly",
                                  "timedOut": null,
                                  "duration": 46445,
                                  "state": "passed",
                                  "speed": "slow",
                                  "pass": true,
                                  "fail": false,
                                  "pending": false,
                                  "context": null,
                                  "code": "cy.url().should('be.equal', 'https://beta.coodesh.com/onboarding/developer/curriculum');\ncy.get('.styles_skillsPrint___oa3j > :nth-child(1)').should('be.visible');",
                                  "err": {},
                                  "uuid": "57cc3cb4-0133-4bdc-8b5e-7dc6b760aec9",
                                  "parentUUID": "ba640860-a113-4211-b938-6fec296f094c",
                                  "isHook": false,
                                  "skipped": false
                                }
                              ],
                              "suites": [],
                              "passes": [
                                "57cc3cb4-0133-4bdc-8b5e-7dc6b760aec9"
                              ],
                              "failures": [],
                              "pending": [],
                              "skipped": [],
                              "duration": 46445,
                              "root": false,
                              "rootEmpty": false,
                              "_timeout": 2000
                            }
                          ],
                          "passes": [],
                          "failures": [],
                          "pending": [],
                          "skipped": [],
                          "duration": 0,
                          "root": false,
                          "rootEmpty": false,
                          "_timeout": 2000
                        }
                      ],
                      "passes": [],
                      "failures": [],
                      "pending": [],
                      "skipped": [],
                      "duration": 0,
                      "root": false,
                      "rootEmpty": false,
                      "_timeout": 2000
                    }
                  ],
                  "passes": [],
                  "failures": [],
                  "pending": [],
                  "skipped": [],
                  "duration": 0,
                  "root": false,
                  "rootEmpty": false,
                  "_timeout": 2000
                }
              ],
              "passes": [],
              "failures": [],
              "pending": [],
              "skipped": [],
              "duration": 0,
              "root": false,
              "rootEmpty": false,
              "_timeout": 2000
            }
          ],
          "passes": [],
          "failures": [],
          "pending": [],
          "skipped": [],
          "duration": 0,
          "root": false,
          "rootEmpty": false,
          "_timeout": 2000
        }
      ],
      "passes": [],
      "failures": [],
      "pending": [],
      "skipped": [],
      "duration": 0,
      "root": true,
      "rootEmpty": true,
      "_timeout": 2000
    }
  ],
  "meta": {
    "mocha": {
      "version": "7.0.1"
    },
    "mochawesome": {
      "options": {
        "quiet": false,
        "reportFilename": "mochawesome",
        "saveHtml": false,
        "saveJson": true,
        "consoleReporter": "spec",
        "useInlineDiffs": false,
        "code": true
      },
      "version": "7.1.3"
    },
    "marge": {
      "options": {
        "charts": true,
        "overwrite": false,
        "html": false,
        "json": true,
        "reportDir": "cypress/report/mochawesome-report"
      },
      "version": "6.2.0"
    }
  }
}