{
  "stats": {
    "suites": 3,
    "tests": 1,
    "passes": 1,
    "pending": 0,
    "failures": 0,
    "start": "2022-09-14T19:24:29.981Z",
    "end": "2022-09-14T19:24:40.981Z",
    "duration": 11000,
    "testsRegistered": 1,
    "passPercent": 100,
    "pendingPercent": 0,
    "other": 0,
    "hasOther": false,
    "skipped": 0,
    "hasSkipped": false
  },
  "results": [
    {
      "uuid": "56fa17fd-4e60-4ca2-89a0-450061e398e9",
      "title": "",
      "fullFile": "cypress\\e2e\\home_page.cy.js",
      "file": "cypress\\e2e\\home_page.cy.js",
      "beforeHooks": [],
      "afterHooks": [],
      "tests": [],
      "suites": [
        {
          "uuid": "1287769f-de8b-43c5-876a-b9a5a186e1e9",
          "title": "Home page",
          "fullFile": "",
          "file": "",
          "beforeHooks": [],
          "afterHooks": [],
          "tests": [],
          "suites": [
            {
              "uuid": "9616b4b4-0a78-41f1-a200-5acfe903e5b7",
              "title": "Given I access the Coodesh Beta page",
              "fullFile": "",
              "file": "",
              "beforeHooks": [],
              "afterHooks": [],
              "tests": [],
              "suites": [
                {
                  "uuid": "2f4e5450-1c5c-4c1b-a37a-6dd7c87740d1",
                  "title": "When I accept cookies",
                  "fullFile": "",
                  "file": "",
                  "beforeHooks": [],
                  "afterHooks": [],
                  "tests": [
                    {
                      "title": "Then the home page loads its components correctly",
                      "fullTitle": "Home page Given I access the Coodesh Beta page When I accept cookies Then the home page loads its components correctly",
                      "timedOut": null,
                      "duration": 8503,
                      "state": "passed",
                      "speed": "medium",
                      "pass": true,
                      "fail": false,
                      "pending": false,
                      "context": null,
                      "code": "cy.get('.max-width-20 > img').should('be.visible');\ncy.get('.space-top-lg-2 > .mb-0').should('contain', 'developers validados');\ncy.get('.ie-main-hero > svg').should('be.visible');\ncy.get('.bg-white').should('be.visible');\ncy.get('.bg-white > .mx-auto > .border-right').should('contain', 'Sou developer');\ncy.get('.bg-white > .mx-auto > .pr-4').should('contain', 'Contratar desenvolvedores');\ncy.get('.col-12').should('be.visible');\ncy.get('.slick-current > :nth-child(1) > .js-slide > .jsx-4146302916').should('be.visible');\ncy.get('[data-slick-index=\"1\"] > :nth-child(1) > .js-slide > .jsx-4146302916').should('be.visible');\ncy.get('[data-slick-index=\"2\"] > :nth-child(1) > .js-slide > .jsx-4146302916').should('be.visible');\ncy.get('[data-slick-index=\"3\"] > :nth-child(1) > .js-slide > .jsx-4146302916').should('be.visible');\ncy.get('[data-slick-index=\"4\"] > :nth-child(1) > .js-slide > .jsx-4146302916').should('be.visible');\ncy.get('[data-slick-index=\"5\"] > :nth-child(1) > .js-slide > .jsx-4146302916').should('be.visible');\ncy.get('.pt-3').should('be.visible');\ncy.get(':nth-child(1) > .text-secondary').should('contain', 'Coodesh 2022. Todos os direitos reservados.');\ncy.get('.text-secondary > a').should('contain', 'Política de Privacidade');",
                      "err": {},
                      "uuid": "555bbd05-f418-4259-b080-dd53a347228a",
                      "parentUUID": "2f4e5450-1c5c-4c1b-a37a-6dd7c87740d1",
                      "isHook": false,
                      "skipped": false
                    }
                  ],
                  "suites": [],
                  "passes": [
                    "555bbd05-f418-4259-b080-dd53a347228a"
                  ],
                  "failures": [],
                  "pending": [],
                  "skipped": [],
                  "duration": 8503,
                  "root": false,
                  "rootEmpty": false,
                  "_timeout": 2000
                }
              ],
              "passes": [],
              "failures": [],
              "pending": [],
              "skipped": [],
              "duration": 0,
              "root": false,
              "rootEmpty": false,
              "_timeout": 2000
            }
          ],
          "passes": [],
          "failures": [],
          "pending": [],
          "skipped": [],
          "duration": 0,
          "root": false,
          "rootEmpty": false,
          "_timeout": 2000
        }
      ],
      "passes": [],
      "failures": [],
      "pending": [],
      "skipped": [],
      "duration": 0,
      "root": true,
      "rootEmpty": true,
      "_timeout": 2000
    }
  ],
  "meta": {
    "mocha": {
      "version": "7.0.1"
    },
    "mochawesome": {
      "options": {
        "quiet": false,
        "reportFilename": "mochawesome",
        "saveHtml": false,
        "saveJson": true,
        "consoleReporter": "spec",
        "useInlineDiffs": false,
        "code": true
      },
      "version": "7.1.3"
    },
    "marge": {
      "options": {
        "charts": true,
        "overwrite": false,
        "html": false,
        "json": true,
        "reportDir": "cypress/report/mochawesome-report"
      },
      "version": "6.2.0"
    }
  }
}